  main.cpp
e:\tmp\cgp5\cgp\src\main.cpp(144): warning C4838: conversion from 'int' to 'float' requires a narrowing conversion
e:\tmp\cgp5\cgp\src\main.cpp(144): warning C4244: 'initializing': conversion from 'int' to 'float', possible loss of data
e:\tmp\cgp5\cgp\src\main.cpp(161): warning C4838: conversion from 'int' to 'float' requires a narrowing conversion
e:\tmp\cgp5\cgp\src\main.cpp(161): warning C4244: 'initializing': conversion from 'int' to 'float', possible loss of data
e:\tmp\cgp5\cgp\src\main.cpp(180): warning C4244: '=': conversion from 'double' to 'float', possible loss of data
e:\tmp\cgp5\cgp\src\main.cpp(194): warning C4305: 'initializing': truncation from 'double' to 'float'
e:\tmp\cgp5\cgp\src\main.cpp(604): warning C4305: 'argument': truncation from 'double' to 'T'
          with
          [
              T=float
          ]
e:\tmp\cgp5\cgp\src\main.cpp(664): warning C4244: 'argument': conversion from 'time_t' to 'unsigned int', possible loss of data
e:\tmp\cgp5\cgp\src\main.cpp(713): warning C4018: '<': signed/unsigned mismatch
  Generating code
  29 of 1626 functions ( 1.8%) were compiled, the rest were copied from previous compilation.
    0 functions were new in current compilation
    0 functions had inline decision re-evaluated but remain unchanged
  Finished generating code
  cgp_3.vcxproj -> E:\tmp\CGP5\CGP\Release\cgp_3.exe
